<?xml version="1.0" encoding="UTF-8"?>
<!-- Generated by org.testng.reporters.JUnitReportReporter -->
<testsuite hostname="LAPTOP-IH94VMQ2" failures="0" tests="2" name="com.E_Bank_AutoProject.testcases.TC_custCare_003" time="13.251" errors="0" timestamp="21 Nov 2022 15:13:35 GMT" skipped="0">
  <testcase classname="com.E_Bank_AutoProject.testcases.TC_custCare_003" name="custoperations" time="3.620"/>
  <testcase classname="com.E_Bank_AutoProject.testcases.TC_custCare_003" name="custoperations" time="9.631"/>
</testsuite> <!-- com.E_Bank_AutoProject.testcases.TC_custCare_003 -->
