<?xml version="1.0" encoding="UTF-8"?>
<!-- Generated by org.testng.reporters.JUnitReportReporter -->
<testsuite hostname="LAPTOP-IH94VMQ2" failures="0" tests="1" name="com.E_Bank_AutoProject.testcases.TC_fundstransfer_004" time="40.134" errors="0" timestamp="22 Nov 2022 09:27:43 GMT" skipped="0">
  <testcase classname="com.E_Bank_AutoProject.testcases.TC_fundstransfer_004" name="fundtransfer" time="40.134"/>
</testsuite> <!-- com.E_Bank_AutoProject.testcases.TC_fundstransfer_004 -->
