<?xml version="1.0" encoding="UTF-8"?>
<!-- Generated by org.testng.reporters.JUnitReportReporter -->
<testsuite hostname="LAPTOP-IH94VMQ2" failures="0" tests="1" name="com.E_Bank_AutoProject.testcases.TC_logintest_001" time="3.346" errors="0" timestamp="21 Nov 2022 15:27:06 GMT" skipped="0">
  <testcase classname="com.E_Bank_AutoProject.testcases.TC_logintest_001" name="logintest" time="3.346"/>
</testsuite> <!-- com.E_Bank_AutoProject.testcases.TC_logintest_001 -->
