<?xml version="1.0" encoding="UTF-8"?>
<!-- Generated by org.testng.reporters.JUnitReportReporter -->
<testsuite hostname="LAPTOP-IH94VMQ2" failures="0" tests="1" name="com.E_Bank_AutoProject.testcases.TC_requestloan_005" time="11.000" errors="0" timestamp="22 Nov 2022 18:16:33 GMT" skipped="0">
  <testcase classname="com.E_Bank_AutoProject.testcases.TC_requestloan_005" name="requestloan" time="11.000"/>
</testsuite> <!-- com.E_Bank_AutoProject.testcases.TC_requestloan_005 -->
