<?xml version="1.0" encoding="UTF-8"?>
<!-- Generated by org.testng.reporters.JUnitReportReporter -->
<testsuite hostname="LAPTOP-IH94VMQ2" failures="0" tests="2" name="com.E_Bank_AutoProject.testcases.TC_custCare_003" time="10.759" errors="0" timestamp="23 Nov 2022 12:36:30 GMT" skipped="0">
  <testcase classname="com.E_Bank_AutoProject.testcases.TC_custCare_003" name="custoperations" time="7.543"/>
  <testcase classname="com.E_Bank_AutoProject.testcases.TC_custCare_003" name="custoperations" time="3.216"/>
</testsuite> <!-- com.E_Bank_AutoProject.testcases.TC_custCare_003 -->
